  main.cpp
C:\Users\User\Desktop\Ο.Π.Α\χειμερινο\5ο ετος\C++\3140121-3150111\MainProject\image.h(66): warning C4018: '<': signed/unsigned mismatch
C:\Users\User\Desktop\Ο.Π.Α\χειμερινο\5ο ετος\C++\3140121-3150111\MainProject\image.h(102): warning C4018: '<': signed/unsigned mismatch
C:\Users\User\Desktop\Ο.Π.Α\χειμερινο\5ο ετος\C++\3140121-3150111\MainProject\FilterLinear.h(36): warning C4018: '<': signed/unsigned mismatch
C:\Users\User\Desktop\Ο.Π.Α\χειμερινο\5ο ετος\C++\3140121-3150111\MainProject\FilterLinear.h(37): warning C4018: '<': signed/unsigned mismatch
C:\Users\User\Desktop\Ο.Π.Α\χειμερινο\5ο ετος\C++\3140121-3150111\MainProject\FilterGamma.h(36): warning C4018: '<': signed/unsigned mismatch
C:\Users\User\Desktop\Ο.Π.Α\χειμερινο\5ο ετος\C++\3140121-3150111\MainProject\FilterGamma.h(38): warning C4018: '<': signed/unsigned mismatch
C:\Users\User\Desktop\Ο.Π.Α\χειμερινο\5ο ετος\C++\3140121-3150111\MainProject\FilterBlur.h(25): warning C4244: 'initializing': conversion from 'double' to 'float', possible loss of data
C:\Users\User\Desktop\Ο.Π.Α\χειμερινο\5ο ετος\C++\3140121-3150111\MainProject\main.cpp(23): warning C4326: return type of 'main' should be 'int' instead of 'void'
C:\Users\User\Desktop\Ο.Π.Α\χειμερινο\5ο ετος\C++\3140121-3150111\MainProject\array2d.hpp(39): warning C4018: '<': signed/unsigned mismatch
  C:\Users\User\Desktop\Ο.Π.Α\χειμερινο\5ο ετος\C++\3140121-3150111\MainProject\array2d.hpp(34): note: while compiling class template member function 'void math::Array2D<image::Color>::setData(const T *const &)'
          with
          [
              T=image::Color
          ]
  C:\Users\User\Desktop\Ο.Π.Α\χειμερινο\5ο ετος\C++\3140121-3150111\MainProject\array2d.hpp(68): note: see reference to function template instantiation 'void math::Array2D<image::Color>::setData(const T *const &)' being compiled
          with
          [
              T=image::Color
          ]
  C:\Users\User\Desktop\Ο.Π.Α\χειμερινο\5ο ετος\C++\3140121-3150111\MainProject\array2d.hpp(13): note: while compiling class template member function 'const unsigned int math::Array2D<image::Color>::getWidth(void) const'
  C:\Users\User\Desktop\Ο.Π.Α\χειμερινο\5ο ετος\C++\3140121-3150111\MainProject\image.h(76): note: see reference to function template instantiation 'const unsigned int math::Array2D<image::Color>::getWidth(void) const' being compiled
  C:\Users\User\Desktop\Ο.Π.Α\χειμερινο\5ο ετος\C++\3140121-3150111\MainProject\image.h(17): note: see reference to class template instantiation 'math::Array2D<image::Color>' being compiled
C:\Users\User\Desktop\Ο.Π.Α\χειμερινο\5ο ετος\C++\3140121-3150111\MainProject\array2d.hpp(50): warning C4172: returning address of local variable or temporary: value
  MainProject.vcxproj -> C:\Users\User\Desktop\Ο.Π.Α\χειμερινο\5ο ετος\C++\3140121-3150111\x64\Debug\filterd.exe
